{"C:\\Users\\ali\\Desktop\\SVU-1\\backend\\controllers\\authController.js": {"path":"C:\\Users\\ali\\Desktop\\SVU-1\\backend\\controllers\\authController.js","statementMap":{"0":{"start":{"line":1,"column":13},"end":{"line":1,"column":38}},"1":{"start":{"line":2,"column":12},"end":{"line":2,"column":35}},"2":{"start":{"line":3,"column":25},"end":{"line":3,"column":55}},"3":{"start":{"line":6,"column":25},"end":{"line":6,"column":107}},"4":{"start":{"line":7,"column":15},"end":{"line":7,"column":49}},"5":{"start":{"line":9,"column":22},"end":{"line":13,"column":1}},"6":{"start":{"line":10,"column":2},"end":{"line":12,"column":5}},"7":{"start":{"line":15,"column":18},"end":{"line":18,"column":1}},"8":{"start":{"line":17,"column":2},"end":{"line":17,"column":54}},"9":{"start":{"line":20,"column":21},"end":{"line":23,"column":1}},"10":{"start":{"line":22,"column":2},"end":{"line":22,"column":57}},"11":{"start":{"line":25,"column":19},"end":{"line":65,"column":1}},"12":{"start":{"line":26,"column":2},"end":{"line":64,"column":3}},"13":{"start":{"line":27,"column":22},"end":{"line":27,"column":30}},"14":{"start":{"line":30,"column":19},"end":{"line":33,"column":6}},"15":{"start":{"line":35,"column":20},"end":{"line":35,"column":39}},"16":{"start":{"line":36,"column":43},"end":{"line":36,"column":50}},"17":{"start":{"line":39,"column":15},"end":{"line":39,"column":44}},"18":{"start":{"line":41,"column":4},"end":{"line":49,"column":5}},"19":{"start":{"line":43,"column":6},"end":{"line":48,"column":9}},"20":{"start":{"line":51,"column":4},"end":{"line":60,"column":5}},"21":{"start":{"line":52,"column":6},"end":{"line":57,"column":9}},"22":{"start":{"line":59,"column":6},"end":{"line":59,"column":61}},"23":{"start":{"line":62,"column":4},"end":{"line":62,"column":47}},"24":{"start":{"line":63,"column":4},"end":{"line":63,"column":85}},"25":{"start":{"line":67,"column":0},"end":{"line":67,"column":57}}},"fnMap":{"0":{"name":"(anonymous_0)","decl":{"start":{"line":9,"column":22},"end":{"line":9,"column":23}},"loc":{"start":{"line":9,"column":30},"end":{"line":13,"column":1}},"line":9},"1":{"name":"(anonymous_1)","decl":{"start":{"line":15,"column":18},"end":{"line":15,"column":19}},"loc":{"start":{"line":15,"column":38},"end":{"line":18,"column":1}},"line":15},"2":{"name":"(anonymous_2)","decl":{"start":{"line":20,"column":21},"end":{"line":20,"column":22}},"loc":{"start":{"line":20,"column":41},"end":{"line":23,"column":1}},"line":20},"3":{"name":"(anonymous_3)","decl":{"start":{"line":25,"column":19},"end":{"line":25,"column":20}},"loc":{"start":{"line":25,"column":39},"end":{"line":65,"column":1}},"line":25}},"branchMap":{"0":{"loc":{"start":{"line":6,"column":25},"end":{"line":6,"column":107}},"type":"binary-expr","locations":[{"start":{"line":6,"column":25},"end":{"line":6,"column":53}},{"start":{"line":6,"column":57},"end":{"line":6,"column":107}}],"line":6},"1":{"loc":{"start":{"line":10,"column":26},"end":{"line":10,"column":69}},"type":"binary-expr","locations":[{"start":{"line":10,"column":26},"end":{"line":10,"column":48}},{"start":{"line":10,"column":52},"end":{"line":10,"column":69}}],"line":10},"2":{"loc":{"start":{"line":41,"column":4},"end":{"line":49,"column":5}},"type":"if","locations":[{"start":{"line":41,"column":4},"end":{"line":49,"column":5}},{"start":{},"end":{}}],"line":41},"3":{"loc":{"start":{"line":51,"column":4},"end":{"line":60,"column":5}},"type":"if","locations":[{"start":{"line":51,"column":4},"end":{"line":60,"column":5}},{"start":{"line":58,"column":11},"end":{"line":60,"column":5}}],"line":51}},"s":{"0":1,"1":1,"2":1,"3":1,"4":1,"5":1,"6":2,"7":1,"8":1,"9":1,"10":1,"11":1,"12":4,"13":4,"14":4,"15":3,"16":3,"17":3,"18":3,"19":2,"20":3,"21":2,"22":1,"23":1,"24":1,"25":1},"f":{"0":2,"1":1,"2":1,"3":4},"b":{"0":[1,1],"1":[2,2],"2":[2,1],"3":[2,1]},"_coverageSchema":"1a1c01bbd47fc00a2c39e90264f33305004495a9","hash":"d9b95545c03c29b84435cb3574969d81ad28046d"}
,"C:\\Users\\ali\\Desktop\\SVU-1\\backend\\controllers\\materialController.js": {"path":"C:\\Users\\ali\\Desktop\\SVU-1\\backend\\controllers\\materialController.js","statementMap":{"0":{"start":{"line":1,"column":17},"end":{"line":1,"column":46}},"1":{"start":{"line":2,"column":19},"end":{"line":2,"column":52}},"2":{"start":{"line":3,"column":18},"end":{"line":3,"column":50}},"3":{"start":{"line":4,"column":31},"end":{"line":4,"column":64}},"4":{"start":{"line":5,"column":11},"end":{"line":5,"column":24}},"5":{"start":{"line":6,"column":13},"end":{"line":6,"column":28}},"6":{"start":{"line":11,"column":21},"end":{"line":28,"column":1}},"7":{"start":{"line":12,"column":2},"end":{"line":27,"column":3}},"8":{"start":{"line":13,"column":20},"end":{"line":20,"column":10}},"9":{"start":{"line":22,"column":22},"end":{"line":22,"column":88}},"10":{"start":{"line":23,"column":4},"end":{"line":23,"column":24}},"11":{"start":{"line":25,"column":4},"end":{"line":25,"column":25}},"12":{"start":{"line":26,"column":4},"end":{"line":26,"column":73}},"13":{"start":{"line":30,"column":23},"end":{"line":54,"column":1}},"14":{"start":{"line":31,"column":2},"end":{"line":53,"column":3}},"15":{"start":{"line":32,"column":50},"end":{"line":32,"column":58}},"16":{"start":{"line":34,"column":4},"end":{"line":36,"column":5}},"17":{"start":{"line":35,"column":6},"end":{"line":35,"column":82}},"18":{"start":{"line":38,"column":21},"end":{"line":43,"column":6}},"19":{"start":{"line":48,"column":28},"end":{"line":48,"column":49}},"20":{"start":{"line":49,"column":4},"end":{"line":49,"column":42}},"21":{"start":{"line":51,"column":4},"end":{"line":51,"column":25}},"22":{"start":{"line":52,"column":4},"end":{"line":52,"column":72}},"23":{"start":{"line":56,"column":20},"end":{"line":100,"column":1}},"24":{"start":{"line":57,"column":2},"end":{"line":99,"column":3}},"25":{"start":{"line":58,"column":21},"end":{"line":58,"column":59}},"26":{"start":{"line":60,"column":4},"end":{"line":62,"column":5}},"27":{"start":{"line":61,"column":6},"end":{"line":61,"column":69}},"28":{"start":{"line":64,"column":24},"end":{"line":64,"column":32}},"29":{"start":{"line":65,"column":24},"end":{"line":65,"column":31}},"30":{"start":{"line":68,"column":4},"end":{"line":74,"column":5}},"31":{"start":{"line":69,"column":6},"end":{"line":69,"column":84}},"32":{"start":{"line":71,"column":6},"end":{"line":74,"column":5}},"33":{"start":{"line":73,"column":6},"end":{"line":73,"column":59}},"34":{"start":{"line":76,"column":4},"end":{"line":76,"column":83}},"35":{"start":{"line":77,"column":26},"end":{"line":77,"column":76}},"36":{"start":{"line":78,"column":4},"end":{"line":78,"column":94}},"37":{"start":{"line":80,"column":4},"end":{"line":80,"column":63}},"38":{"start":{"line":82,"column":26},"end":{"line":82,"column":77}},"39":{"start":{"line":83,"column":4},"end":{"line":83,"column":59}},"40":{"start":{"line":86,"column":4},"end":{"line":89,"column":5}},"41":{"start":{"line":87,"column":6},"end":{"line":87,"column":72}},"42":{"start":{"line":88,"column":6},"end":{"line":88,"column":35}},"43":{"start":{"line":91,"column":4},"end":{"line":95,"column":7}},"44":{"start":{"line":97,"column":4},"end":{"line":97,"column":53}},"45":{"start":{"line":98,"column":4},"end":{"line":98,"column":94}},"46":{"start":{"line":102,"column":0},"end":{"line":106,"column":2}}},"fnMap":{"0":{"name":"(anonymous_0)","decl":{"start":{"line":11,"column":21},"end":{"line":11,"column":22}},"loc":{"start":{"line":11,"column":41},"end":{"line":28,"column":1}},"line":11},"1":{"name":"(anonymous_1)","decl":{"start":{"line":30,"column":23},"end":{"line":30,"column":24}},"loc":{"start":{"line":30,"column":43},"end":{"line":54,"column":1}},"line":30},"2":{"name":"(anonymous_2)","decl":{"start":{"line":56,"column":20},"end":{"line":56,"column":21}},"loc":{"start":{"line":56,"column":40},"end":{"line":100,"column":1}},"line":56}},"branchMap":{"0":{"loc":{"start":{"line":13,"column":20},"end":{"line":20,"column":10}},"type":"cond-expr","locations":[{"start":{"line":14,"column":8},"end":{"line":19,"column":9}},{"start":{"line":20,"column":8},"end":{"line":20,"column":10}}],"line":13},"1":{"loc":{"start":{"line":34,"column":4},"end":{"line":36,"column":5}},"type":"if","locations":[{"start":{"line":34,"column":4},"end":{"line":36,"column":5}},{"start":{},"end":{}}],"line":34},"2":{"loc":{"start":{"line":34,"column":8},"end":{"line":34,"column":26}},"type":"binary-expr","locations":[{"start":{"line":34,"column":8},"end":{"line":34,"column":14}},{"start":{"line":34,"column":18},"end":{"line":34,"column":26}}],"line":34},"3":{"loc":{"start":{"line":60,"column":4},"end":{"line":62,"column":5}},"type":"if","locations":[{"start":{"line":60,"column":4},"end":{"line":62,"column":5}},{"start":{},"end":{}}],"line":60},"4":{"loc":{"start":{"line":68,"column":4},"end":{"line":74,"column":5}},"type":"if","locations":[{"start":{"line":68,"column":4},"end":{"line":74,"column":5}},{"start":{"line":71,"column":6},"end":{"line":74,"column":5}}],"line":68},"5":{"loc":{"start":{"line":71,"column":6},"end":{"line":74,"column":5}},"type":"if","locations":[{"start":{"line":71,"column":6},"end":{"line":74,"column":5}},{"start":{},"end":{}}],"line":71},"6":{"loc":{"start":{"line":78,"column":64},"end":{"line":78,"column":90}},"type":"binary-expr","locations":[{"start":{"line":78,"column":64},"end":{"line":78,"column":85}},{"start":{"line":78,"column":89},"end":{"line":78,"column":90}}],"line":78},"7":{"loc":{"start":{"line":86,"column":4},"end":{"line":89,"column":5}},"type":"if","locations":[{"start":{"line":86,"column":4},"end":{"line":89,"column":5}},{"start":{},"end":{}}],"line":86},"8":{"loc":{"start":{"line":86,"column":8},"end":{"line":86,"column":66}},"type":"binary-expr","locations":[{"start":{"line":86,"column":8},"end":{"line":86,"column":34}},{"start":{"line":86,"column":38},"end":{"line":86,"column":66}}],"line":86}},"s":{"0":1,"1":1,"2":1,"3":1,"4":1,"5":1,"6":1,"7":3,"8":3,"9":3,"10":2,"11":1,"12":1,"13":1,"14":3,"15":3,"16":3,"17":1,"18":2,"19":2,"20":1,"21":1,"22":1,"23":1,"24":4,"25":4,"26":4,"27":1,"28":3,"29":3,"30":3,"31":1,"32":2,"33":2,"34":3,"35":3,"36":2,"37":2,"38":2,"39":2,"40":2,"41":1,"42":1,"43":2,"44":1,"45":1,"46":1},"f":{"0":3,"1":3,"2":4},"b":{"0":[1,2],"1":[1,2],"2":[3,2],"3":[1,3],"4":[1,2],"5":[2,0],"6":[2,0],"7":[1,1],"8":[2,1]},"_coverageSchema":"1a1c01bbd47fc00a2c39e90264f33305004495a9","hash":"60ee1096a3575a561bc579654123f931c173cc2c"}
,"C:\\Users\\ali\\Desktop\\SVU-1\\backend\\controllers\\testController.js": {"path":"C:\\Users\\ali\\Desktop\\SVU-1\\backend\\controllers\\testController.js","statementMap":{"0":{"start":{"line":1,"column":17},"end":{"line":1,"column":46}},"1":{"start":{"line":3,"column":27},"end":{"line":3,"column":28}},"2":{"start":{"line":8,"column":17},"end":{"line":38,"column":1}},"3":{"start":{"line":9,"column":2},"end":{"line":37,"column":3}},"4":{"start":{"line":10,"column":40},"end":{"line":10,"column":48}},"5":{"start":{"line":12,"column":4},"end":{"line":14,"column":5}},"6":{"start":{"line":13,"column":6},"end":{"line":13,"column":90}},"7":{"start":{"line":17,"column":26},"end":{"line":17,"column":84}},"8":{"start":{"line":18,"column":4},"end":{"line":24,"column":5}},"9":{"start":{"line":19,"column":6},"end":{"line":23,"column":9}},"10":{"start":{"line":26,"column":17},"end":{"line":30,"column":6}},"11":{"start":{"line":32,"column":22},"end":{"line":32,"column":39}},"12":{"start":{"line":33,"column":4},"end":{"line":33,"column":36}},"13":{"start":{"line":35,"column":4},"end":{"line":35,"column":52}},"14":{"start":{"line":36,"column":4},"end":{"line":36,"column":71}},"15":{"start":{"line":43,"column":28},"end":{"line":59,"column":1}},"16":{"start":{"line":44,"column":2},"end":{"line":58,"column":3}},"17":{"start":{"line":45,"column":27},"end":{"line":45,"column":37}},"18":{"start":{"line":48,"column":18},"end":{"line":48,"column":77}},"19":{"start":{"line":50,"column":4},"end":{"line":52,"column":5}},"20":{"start":{"line":51,"column":6},"end":{"line":51,"column":54}},"21":{"start":{"line":54,"column":4},"end":{"line":54,"column":80}},"22":{"start":{"line":56,"column":4},"end":{"line":56,"column":69}},"23":{"start":{"line":57,"column":4},"end":{"line":57,"column":73}},"24":{"start":{"line":64,"column":20},"end":{"line":75,"column":1}},"25":{"start":{"line":65,"column":2},"end":{"line":74,"column":3}},"26":{"start":{"line":66,"column":18},"end":{"line":69,"column":30}},"27":{"start":{"line":70,"column":4},"end":{"line":70,"column":20}},"28":{"start":{"line":72,"column":4},"end":{"line":72,"column":59}},"29":{"start":{"line":73,"column":4},"end":{"line":73,"column":78}},"30":{"start":{"line":80,"column":25},"end":{"line":88,"column":1}},"31":{"start":{"line":81,"column":2},"end":{"line":87,"column":3}},"32":{"start":{"line":82,"column":18},"end":{"line":82,"column":76}},"33":{"start":{"line":83,"column":4},"end":{"line":83,"column":94}},"34":{"start":{"line":85,"column":4},"end":{"line":85,"column":60}},"35":{"start":{"line":86,"column":4},"end":{"line":86,"column":79}},"36":{"start":{"line":90,"column":0},"end":{"line":95,"column":2}}},"fnMap":{"0":{"name":"(anonymous_0)","decl":{"start":{"line":8,"column":17},"end":{"line":8,"column":18}},"loc":{"start":{"line":8,"column":37},"end":{"line":38,"column":1}},"line":8},"1":{"name":"(anonymous_1)","decl":{"start":{"line":43,"column":28},"end":{"line":43,"column":29}},"loc":{"start":{"line":43,"column":48},"end":{"line":59,"column":1}},"line":43},"2":{"name":"(anonymous_2)","decl":{"start":{"line":64,"column":20},"end":{"line":64,"column":21}},"loc":{"start":{"line":64,"column":40},"end":{"line":75,"column":1}},"line":64},"3":{"name":"(anonymous_3)","decl":{"start":{"line":80,"column":25},"end":{"line":80,"column":26}},"loc":{"start":{"line":80,"column":45},"end":{"line":88,"column":1}},"line":80}},"branchMap":{"0":{"loc":{"start":{"line":12,"column":4},"end":{"line":14,"column":5}},"type":"if","locations":[{"start":{"line":12,"column":4},"end":{"line":14,"column":5}},{"start":{},"end":{}}],"line":12},"1":{"loc":{"start":{"line":12,"column":8},"end":{"line":12,"column":35}},"type":"binary-expr","locations":[{"start":{"line":12,"column":8},"end":{"line":12,"column":19}},{"start":{"line":12,"column":23},"end":{"line":12,"column":35}}],"line":12},"2":{"loc":{"start":{"line":18,"column":4},"end":{"line":24,"column":5}},"type":"if","locations":[{"start":{"line":18,"column":4},"end":{"line":24,"column":5}},{"start":{},"end":{}}],"line":18},"3":{"loc":{"start":{"line":50,"column":4},"end":{"line":52,"column":5}},"type":"if","locations":[{"start":{"line":50,"column":4},"end":{"line":52,"column":5}},{"start":{},"end":{}}],"line":50}},"s":{"0":1,"1":1,"2":1,"3":4,"4":4,"5":4,"6":1,"7":3,"8":3,"9":1,"10":2,"11":2,"12":1,"13":1,"14":1,"15":1,"16":3,"17":3,"18":3,"19":2,"20":1,"21":1,"22":1,"23":1,"24":1,"25":2,"26":2,"27":1,"28":1,"29":1,"30":1,"31":2,"32":2,"33":1,"34":1,"35":1,"36":1},"f":{"0":4,"1":3,"2":2,"3":2},"b":{"0":[1,3],"1":[4,4],"2":[1,2],"3":[1,1]},"_coverageSchema":"1a1c01bbd47fc00a2c39e90264f33305004495a9","hash":"824786fa344c2bb180d90c243d74084cc3a392b7"}
,"C:\\Users\\ali\\Desktop\\SVU-1\\backend\\middleware\\authMiddleware.js": {"path":"C:\\Users\\ali\\Desktop\\SVU-1\\backend\\middleware\\authMiddleware.js","statementMap":{"0":{"start":{"line":1,"column":12},"end":{"line":1,"column":35}},"1":{"start":{"line":2,"column":13},"end":{"line":2,"column":38}},"2":{"start":{"line":4,"column":16},"end":{"line":25,"column":1}},"3":{"start":{"line":5,"column":21},"end":{"line":5,"column":46}},"4":{"start":{"line":7,"column":2},"end":{"line":9,"column":3}},"5":{"start":{"line":8,"column":4},"end":{"line":8,"column":82}},"6":{"start":{"line":11,"column":2},"end":{"line":24,"column":3}},"7":{"start":{"line":12,"column":18},"end":{"line":12,"column":42}},"8":{"start":{"line":13,"column":20},"end":{"line":13,"column":82}},"9":{"start":{"line":14,"column":4},"end":{"line":14,"column":67}},"10":{"start":{"line":16,"column":4},"end":{"line":18,"column":5}},"11":{"start":{"line":17,"column":6},"end":{"line":17,"column":81}},"12":{"start":{"line":20,"column":4},"end":{"line":20,"column":11}},"13":{"start":{"line":22,"column":4},"end":{"line":22,"column":59}},"14":{"start":{"line":23,"column":4},"end":{"line":23,"column":89}},"15":{"start":{"line":27,"column":0},"end":{"line":27,"column":29}}},"fnMap":{"0":{"name":"(anonymous_0)","decl":{"start":{"line":4,"column":16},"end":{"line":4,"column":17}},"loc":{"start":{"line":4,"column":42},"end":{"line":25,"column":1}},"line":4}},"branchMap":{"0":{"loc":{"start":{"line":7,"column":2},"end":{"line":9,"column":3}},"type":"if","locations":[{"start":{"line":7,"column":2},"end":{"line":9,"column":3}},{"start":{},"end":{}}],"line":7},"1":{"loc":{"start":{"line":7,"column":6},"end":{"line":7,"column":54}},"type":"binary-expr","locations":[{"start":{"line":7,"column":6},"end":{"line":7,"column":17}},{"start":{"line":7,"column":21},"end":{"line":7,"column":54}}],"line":7},"2":{"loc":{"start":{"line":13,"column":38},"end":{"line":13,"column":81}},"type":"binary-expr","locations":[{"start":{"line":13,"column":38},"end":{"line":13,"column":60}},{"start":{"line":13,"column":64},"end":{"line":13,"column":81}}],"line":13},"3":{"loc":{"start":{"line":16,"column":4},"end":{"line":18,"column":5}},"type":"if","locations":[{"start":{"line":16,"column":4},"end":{"line":18,"column":5}},{"start":{},"end":{}}],"line":16}},"s":{"0":1,"1":1,"2":1,"3":5,"4":5,"5":2,"6":3,"7":3,"8":3,"9":2,"10":2,"11":1,"12":1,"13":1,"14":1,"15":1},"f":{"0":5},"b":{"0":[2,3],"1":[5,4],"2":[3,3],"3":[1,1]},"_coverageSchema":"1a1c01bbd47fc00a2c39e90264f33305004495a9","hash":"5064228f7daee37a17ef27a2ab36f9fe2ae5bef1"}
,"C:\\Users\\ali\\Desktop\\SVU-1\\backend\\models\\Material.js": {"path":"C:\\Users\\ali\\Desktop\\SVU-1\\backend\\models\\Material.js","statementMap":{"0":{"start":{"line":1,"column":17},"end":{"line":1,"column":36}},"1":{"start":{"line":3,"column":23},"end":{"line":11,"column":1}},"2":{"start":{"line":13,"column":0},"end":{"line":13,"column":60}}},"fnMap":{},"branchMap":{},"s":{"0":1,"1":1,"2":1},"f":{},"b":{},"_coverageSchema":"1a1c01bbd47fc00a2c39e90264f33305004495a9","hash":"4f86e6d5516cd0e136f96def17f4277b7dd995e1"}
,"C:\\Users\\ali\\Desktop\\SVU-1\\backend\\models\\MockTest.js": {"path":"C:\\Users\\ali\\Desktop\\SVU-1\\backend\\models\\MockTest.js","statementMap":{"0":{"start":{"line":1,"column":17},"end":{"line":1,"column":36}},"1":{"start":{"line":3,"column":23},"end":{"line":21,"column":1}},"2":{"start":{"line":23,"column":0},"end":{"line":23,"column":60}}},"fnMap":{},"branchMap":{},"s":{"0":1,"1":1,"2":1},"f":{},"b":{},"_coverageSchema":"1a1c01bbd47fc00a2c39e90264f33305004495a9","hash":"0c19ed5aeec727f0ce6c48b5501e0657e76929fa"}
,"C:\\Users\\ali\\Desktop\\SVU-1\\backend\\models\\User.js": {"path":"C:\\Users\\ali\\Desktop\\SVU-1\\backend\\models\\User.js","statementMap":{"0":{"start":{"line":1,"column":17},"end":{"line":1,"column":36}},"1":{"start":{"line":3,"column":19},"end":{"line":25,"column":1}},"2":{"start":{"line":27,"column":13},"end":{"line":27,"column":47}},"3":{"start":{"line":28,"column":0},"end":{"line":28,"column":22}}},"fnMap":{},"branchMap":{},"s":{"0":2,"1":2,"2":2,"3":2},"f":{},"b":{},"_coverageSchema":"1a1c01bbd47fc00a2c39e90264f33305004495a9","hash":"916f96a273e9f6ce8348c35085172202b96a68c5"}
,"C:\\Users\\ali\\Desktop\\SVU-1\\backend\\services\\aiService.js": {"path":"C:\\Users\\ali\\Desktop\\SVU-1\\backend\\services\\aiService.js","statementMap":{"0":{"start":{"line":1,"column":31},"end":{"line":1,"column":63}},"1":{"start":{"line":2,"column":15},"end":{"line":2,"column":32}},"2":{"start":{"line":3,"column":14},"end":{"line":3,"column":30}},"3":{"start":{"line":5,"column":0},"end":{"line":5,"column":16}},"4":{"start":{"line":7,"column":21},"end":{"line":41,"column":1}},"5":{"start":{"line":7,"column":31},"end":{"line":41,"column":1}},"6":{"start":{"line":43,"column":33},"end":{"line":60,"column":1}},"7":{"start":{"line":44,"column":2},"end":{"line":59,"column":3}},"8":{"start":{"line":45,"column":4},"end":{"line":45,"column":98}},"9":{"start":{"line":46,"column":20},"end":{"line":46,"column":87}},"10":{"start":{"line":47,"column":25},"end":{"line":47,"column":49}},"11":{"start":{"line":48,"column":4},"end":{"line":53,"column":5}},"12":{"start":{"line":49,"column":25},"end":{"line":49,"column":89}},"13":{"start":{"line":49,"column":59},"end":{"line":49,"column":88}},"14":{"start":{"line":50,"column":6},"end":{"line":50,"column":103}},"15":{"start":{"line":52,"column":6},"end":{"line":52,"column":79}},"16":{"start":{"line":55,"column":4},"end":{"line":55,"column":115}},"17":{"start":{"line":56,"column":4},"end":{"line":58,"column":5}},"18":{"start":{"line":57,"column":7},"end":{"line":57,"column":100}},"19":{"start":{"line":62,"column":26},"end":{"line":97,"column":1}},"20":{"start":{"line":63,"column":22},"end":{"line":71,"column":3}},"21":{"start":{"line":73,"column":18},"end":{"line":73,"column":22}},"22":{"start":{"line":75,"column":2},"end":{"line":95,"column":3}},"23":{"start":{"line":76,"column":4},"end":{"line":94,"column":5}},"24":{"start":{"line":77,"column":6},"end":{"line":77,"column":80}},"25":{"start":{"line":78,"column":20},"end":{"line":78,"column":71}},"26":{"start":{"line":79,"column":21},"end":{"line":79,"column":56}},"27":{"start":{"line":80,"column":23},"end":{"line":80,"column":44}},"28":{"start":{"line":81,"column":25},"end":{"line":81,"column":47}},"29":{"start":{"line":83,"column":6},"end":{"line":85,"column":7}},"30":{"start":{"line":84,"column":8},"end":{"line":84,"column":93}},"31":{"start":{"line":87,"column":6},"end":{"line":87,"column":66}},"32":{"start":{"line":88,"column":6},"end":{"line":88,"column":38}},"33":{"start":{"line":91,"column":6},"end":{"line":91,"column":24}},"34":{"start":{"line":92,"column":6},"end":{"line":92,"column":98}},"35":{"start":{"line":93,"column":6},"end":{"line":93,"column":15}},"36":{"start":{"line":96,"column":2},"end":{"line":96,"column":74}},"37":{"start":{"line":99,"column":27},"end":{"line":129,"column":1}},"38":{"start":{"line":100,"column":2},"end":{"line":100,"column":72}},"39":{"start":{"line":101,"column":29},"end":{"line":101,"column":89}},"40":{"start":{"line":102,"column":18},"end":{"line":102,"column":22}},"41":{"start":{"line":104,"column":2},"end":{"line":127,"column":3}},"42":{"start":{"line":105,"column":4},"end":{"line":126,"column":5}},"43":{"start":{"line":106,"column":22},"end":{"line":106,"column":126}},"44":{"start":{"line":108,"column":27},"end":{"line":110,"column":28}},"45":{"start":{"line":112,"column":6},"end":{"line":119,"column":7}},"46":{"start":{"line":113,"column":23},"end":{"line":113,"column":83}},"47":{"start":{"line":114,"column":8},"end":{"line":116,"column":9}},"48":{"start":{"line":115,"column":10},"end":{"line":115,"column":87}},"49":{"start":{"line":117,"column":8},"end":{"line":117,"column":85}},"50":{"start":{"line":118,"column":8},"end":{"line":118,"column":36}},"51":{"start":{"line":121,"column":6},"end":{"line":121,"column":130}},"52":{"start":{"line":122,"column":6},"end":{"line":124,"column":7}},"53":{"start":{"line":123,"column":10},"end":{"line":123,"column":100}},"54":{"start":{"line":125,"column":6},"end":{"line":125,"column":28}},"55":{"start":{"line":128,"column":2},"end":{"line":128,"column":81}},"56":{"start":{"line":131,"column":29},"end":{"line":158,"column":1}},"57":{"start":{"line":132,"column":20},"end":{"line":132,"column":45}},"58":{"start":{"line":133,"column":2},"end":{"line":136,"column":3}},"59":{"start":{"line":134,"column":4},"end":{"line":134,"column":81}},"60":{"start":{"line":135,"column":4},"end":{"line":135,"column":79}},"61":{"start":{"line":138,"column":17},"end":{"line":138,"column":33}},"62":{"start":{"line":139,"column":20},"end":{"line":139,"column":88}},"63":{"start":{"line":140,"column":2},"end":{"line":140,"column":99}},"64":{"start":{"line":142,"column":21},"end":{"line":142,"column":51}},"65":{"start":{"line":144,"column":2},"end":{"line":144,"column":41}},"66":{"start":{"line":146,"column":17},"end":{"line":146,"column":35}},"67":{"start":{"line":148,"column":2},"end":{"line":157,"column":3}},"68":{"start":{"line":149,"column":4},"end":{"line":149,"column":55}},"69":{"start":{"line":151,"column":4},"end":{"line":151,"column":72}},"70":{"start":{"line":152,"column":4},"end":{"line":156,"column":5}},"71":{"start":{"line":153,"column":6},"end":{"line":153,"column":54}},"72":{"start":{"line":155,"column":6},"end":{"line":155,"column":122}},"73":{"start":{"line":160,"column":0},"end":{"line":160,"column":42}}},"fnMap":{"0":{"name":"(anonymous_0)","decl":{"start":{"line":7,"column":21},"end":{"line":7,"column":22}},"loc":{"start":{"line":7,"column":31},"end":{"line":41,"column":1}},"line":7},"1":{"name":"(anonymous_1)","decl":{"start":{"line":43,"column":33},"end":{"line":43,"column":34}},"loc":{"start":{"line":43,"column":51},"end":{"line":60,"column":1}},"line":43},"2":{"name":"(anonymous_2)","decl":{"start":{"line":49,"column":54},"end":{"line":49,"column":55}},"loc":{"start":{"line":49,"column":59},"end":{"line":49,"column":88}},"line":49},"3":{"name":"(anonymous_3)","decl":{"start":{"line":62,"column":26},"end":{"line":62,"column":27}},"loc":{"start":{"line":62,"column":56},"end":{"line":97,"column":1}},"line":62},"4":{"name":"(anonymous_4)","decl":{"start":{"line":99,"column":27},"end":{"line":99,"column":28}},"loc":{"start":{"line":99,"column":53},"end":{"line":129,"column":1}},"line":99},"5":{"name":"(anonymous_5)","decl":{"start":{"line":131,"column":29},"end":{"line":131,"column":30}},"loc":{"start":{"line":131,"column":45},"end":{"line":158,"column":1}},"line":131}},"branchMap":{"0":{"loc":{"start":{"line":48,"column":4},"end":{"line":53,"column":5}},"type":"if","locations":[{"start":{"line":48,"column":4},"end":{"line":53,"column":5}},{"start":{"line":51,"column":11},"end":{"line":53,"column":5}}],"line":48},"1":{"loc":{"start":{"line":48,"column":8},"end":{"line":48,"column":53}},"type":"binary-expr","locations":[{"start":{"line":48,"column":8},"end":{"line":48,"column":25}},{"start":{"line":48,"column":29},"end":{"line":48,"column":53}}],"line":48},"2":{"loc":{"start":{"line":55,"column":66},"end":{"line":55,"column":113}},"type":"binary-expr","locations":[{"start":{"line":55,"column":66},"end":{"line":55,"column":92}},{"start":{"line":55,"column":96},"end":{"line":55,"column":113}}],"line":55},"3":{"loc":{"start":{"line":56,"column":4},"end":{"line":58,"column":5}},"type":"if","locations":[{"start":{"line":56,"column":4},"end":{"line":58,"column":5}},{"start":{},"end":{}}],"line":56},"4":{"loc":{"start":{"line":56,"column":8},"end":{"line":56,"column":53}},"type":"binary-expr","locations":[{"start":{"line":56,"column":8},"end":{"line":56,"column":26}},{"start":{"line":56,"column":30},"end":{"line":56,"column":53}}],"line":56},"5":{"loc":{"start":{"line":83,"column":6},"end":{"line":85,"column":7}},"type":"if","locations":[{"start":{"line":83,"column":6},"end":{"line":85,"column":7}},{"start":{},"end":{}}],"line":83},"6":{"loc":{"start":{"line":112,"column":6},"end":{"line":119,"column":7}},"type":"if","locations":[{"start":{"line":112,"column":6},"end":{"line":119,"column":7}},{"start":{},"end":{}}],"line":112},"7":{"loc":{"start":{"line":112,"column":10},"end":{"line":112,"column":59}},"type":"binary-expr","locations":[{"start":{"line":112,"column":10},"end":{"line":112,"column":27}},{"start":{"line":112,"column":31},"end":{"line":112,"column":59}}],"line":112},"8":{"loc":{"start":{"line":114,"column":8},"end":{"line":116,"column":9}},"type":"if","locations":[{"start":{"line":114,"column":8},"end":{"line":116,"column":9}},{"start":{},"end":{}}],"line":114},"9":{"loc":{"start":{"line":121,"column":81},"end":{"line":121,"column":128}},"type":"binary-expr","locations":[{"start":{"line":121,"column":81},"end":{"line":121,"column":107}},{"start":{"line":121,"column":111},"end":{"line":121,"column":128}}],"line":121},"10":{"loc":{"start":{"line":122,"column":6},"end":{"line":124,"column":7}},"type":"if","locations":[{"start":{"line":122,"column":6},"end":{"line":124,"column":7}},{"start":{},"end":{}}],"line":122},"11":{"loc":{"start":{"line":122,"column":10},"end":{"line":122,"column":55}},"type":"binary-expr","locations":[{"start":{"line":122,"column":10},"end":{"line":122,"column":28}},{"start":{"line":122,"column":32},"end":{"line":122,"column":55}}],"line":122},"12":{"loc":{"start":{"line":133,"column":2},"end":{"line":136,"column":3}},"type":"if","locations":[{"start":{"line":133,"column":2},"end":{"line":136,"column":3}},{"start":{},"end":{}}],"line":133}},"s":{"0":2,"1":2,"2":2,"3":2,"4":2,"5":4,"6":2,"7":4,"8":4,"9":4,"10":4,"11":3,"12":3,"13":1,"14":3,"15":0,"16":1,"17":1,"18":0,"19":2,"20":4,"21":4,"22":4,"23":16,"24":16,"25":16,"26":16,"27":2,"28":2,"29":2,"30":1,"31":2,"32":2,"33":14,"34":14,"35":14,"36":2,"37":2,"38":2,"39":2,"40":2,"41":2,"42":4,"43":4,"44":4,"45":1,"46":1,"47":1,"48":0,"49":1,"50":1,"51":3,"52":3,"53":0,"54":3,"55":1,"56":2,"57":5,"58":5,"59":1,"60":1,"61":4,"62":4,"63":4,"64":4,"65":4,"66":4,"67":4,"68":4,"69":2,"70":2,"71":2,"72":1,"73":2},"f":{"0":4,"1":4,"2":1,"3":4,"4":2,"5":5},"b":{"0":[3,0],"1":[3,3],"2":[1,1],"3":[0,1],"4":[1,0],"5":[1,1],"6":[1,0],"7":[1,1],"8":[0,1],"9":[3,3],"10":[0,3],"11":[3,0],"12":[1,4]},"_coverageSchema":"1a1c01bbd47fc00a2c39e90264f33305004495a9","hash":"5460e108549b5097285d9c70399fc82bfb709854"}
,"C:\\Users\\ali\\Desktop\\SVU-1\\backend\\services\\pdfService.js": {"path":"C:\\Users\\ali\\Desktop\\SVU-1\\backend\\services\\pdfService.js","statementMap":{"0":{"start":{"line":1,"column":11},"end":{"line":1,"column":24}},"1":{"start":{"line":2,"column":12},"end":{"line":2,"column":32}},"2":{"start":{"line":4,"column":27},"end":{"line":29,"column":1}},"3":{"start":{"line":5,"column":2},"end":{"line":28,"column":3}},"4":{"start":{"line":6,"column":4},"end":{"line":6,"column":66}},"5":{"start":{"line":7,"column":23},"end":{"line":7,"column":48}},"6":{"start":{"line":10,"column":17},"end":{"line":10,"column":38}},"7":{"start":{"line":13,"column":18},"end":{"line":13,"column":39}},"8":{"start":{"line":14,"column":25},"end":{"line":20,"column":6}},"9":{"start":{"line":15,"column":23},"end":{"line":15,"column":34}},"10":{"start":{"line":16,"column":6},"end":{"line":16,"column":33}},"11":{"start":{"line":16,"column":21},"end":{"line":16,"column":33}},"12":{"start":{"line":17,"column":6},"end":{"line":17,"column":47}},"13":{"start":{"line":17,"column":34},"end":{"line":17,"column":47}},"14":{"start":{"line":18,"column":6},"end":{"line":18,"column":63}},"15":{"start":{"line":18,"column":50},"end":{"line":18,"column":63}},"16":{"start":{"line":19,"column":6},"end":{"line":19,"column":18}},"17":{"start":{"line":22,"column":24},"end":{"line":22,"column":47}},"18":{"start":{"line":23,"column":4},"end":{"line":23,"column":90}},"19":{"start":{"line":24,"column":4},"end":{"line":24,"column":23}},"20":{"start":{"line":26,"column":4},"end":{"line":26,"column":70}},"21":{"start":{"line":27,"column":4},"end":{"line":27,"column":64}},"22":{"start":{"line":31,"column":0},"end":{"line":33,"column":2}}},"fnMap":{"0":{"name":"(anonymous_0)","decl":{"start":{"line":4,"column":27},"end":{"line":4,"column":28}},"loc":{"start":{"line":4,"column":47},"end":{"line":29,"column":1}},"line":4},"1":{"name":"(anonymous_1)","decl":{"start":{"line":14,"column":38},"end":{"line":14,"column":39}},"loc":{"start":{"line":14,"column":46},"end":{"line":20,"column":5}},"line":14}},"branchMap":{"0":{"loc":{"start":{"line":16,"column":6},"end":{"line":16,"column":33}},"type":"if","locations":[{"start":{"line":16,"column":6},"end":{"line":16,"column":33}},{"start":{},"end":{}}],"line":16},"1":{"loc":{"start":{"line":17,"column":6},"end":{"line":17,"column":47}},"type":"if","locations":[{"start":{"line":17,"column":6},"end":{"line":17,"column":47}},{"start":{},"end":{}}],"line":17},"2":{"loc":{"start":{"line":18,"column":6},"end":{"line":18,"column":63}},"type":"if","locations":[{"start":{"line":18,"column":6},"end":{"line":18,"column":63}},{"start":{},"end":{}}],"line":18}},"s":{"0":2,"1":2,"2":2,"3":3,"4":3,"5":3,"6":2,"7":1,"8":1,"9":6,"10":6,"11":0,"12":6,"13":1,"14":5,"15":2,"16":3,"17":1,"18":1,"19":1,"20":2,"21":2,"22":2},"f":{"0":3,"1":6},"b":{"0":[0,6],"1":[1,5],"2":[2,3]},"_coverageSchema":"1a1c01bbd47fc00a2c39e90264f33305004495a9","hash":"e6ac967b2c4bf33ca98a3b2b9c44fe482e065409"}
,"C:\\Users\\ali\\Desktop\\SVU-1\\backend\\utils\\downloadUtils.js": {"path":"C:\\Users\\ali\\Desktop\\SVU-1\\backend\\utils\\downloadUtils.js","statementMap":{"0":{"start":{"line":1,"column":14},"end":{"line":1,"column":30}},"1":{"start":{"line":2,"column":11},"end":{"line":2,"column":24}},"2":{"start":{"line":3,"column":13},"end":{"line":3,"column":28}},"3":{"start":{"line":4,"column":11},"end":{"line":4,"column":24}},"4":{"start":{"line":12,"column":27},"end":{"line":48,"column":1}},"5":{"start":{"line":13,"column":2},"end":{"line":13,"column":69}},"6":{"start":{"line":14,"column":2},"end":{"line":47,"column":3}},"7":{"start":{"line":15,"column":21},"end":{"line":20,"column":6}},"8":{"start":{"line":22,"column":25},"end":{"line":22,"column":75}},"9":{"start":{"line":23,"column":25},"end":{"line":23,"column":80}},"10":{"start":{"line":24,"column":19},"end":{"line":24,"column":53}},"11":{"start":{"line":25,"column":4},"end":{"line":25,"column":31}},"12":{"start":{"line":27,"column":4},"end":{"line":37,"column":7}},"13":{"start":{"line":28,"column":6},"end":{"line":28,"column":35}},"14":{"start":{"line":29,"column":6},"end":{"line":32,"column":9}},"15":{"start":{"line":30,"column":8},"end":{"line":30,"column":88}},"16":{"start":{"line":31,"column":8},"end":{"line":31,"column":20}},"17":{"start":{"line":33,"column":6},"end":{"line":36,"column":9}},"18":{"start":{"line":34,"column":8},"end":{"line":34,"column":89}},"19":{"start":{"line":35,"column":8},"end":{"line":35,"column":20}},"20":{"start":{"line":39,"column":4},"end":{"line":39,"column":84}},"21":{"start":{"line":40,"column":4},"end":{"line":40,"column":24}},"22":{"start":{"line":42,"column":4},"end":{"line":42,"column":93}},"23":{"start":{"line":43,"column":4},"end":{"line":45,"column":5}},"24":{"start":{"line":44,"column":6},"end":{"line":44,"column":77}},"25":{"start":{"line":46,"column":4},"end":{"line":46,"column":119}},"26":{"start":{"line":50,"column":0},"end":{"line":52,"column":2}}},"fnMap":{"0":{"name":"(anonymous_0)","decl":{"start":{"line":12,"column":27},"end":{"line":12,"column":28}},"loc":{"start":{"line":12,"column":63},"end":{"line":48,"column":1}},"line":12},"1":{"name":"(anonymous_1)","decl":{"start":{"line":27,"column":22},"end":{"line":27,"column":23}},"loc":{"start":{"line":27,"column":43},"end":{"line":37,"column":5}},"line":27},"2":{"name":"(anonymous_2)","decl":{"start":{"line":29,"column":25},"end":{"line":29,"column":26}},"loc":{"start":{"line":29,"column":34},"end":{"line":32,"column":7}},"line":29},"3":{"name":"(anonymous_3)","decl":{"start":{"line":33,"column":32},"end":{"line":33,"column":33}},"loc":{"start":{"line":33,"column":41},"end":{"line":36,"column":7}},"line":33}},"branchMap":{"0":{"loc":{"start":{"line":12,"column":43},"end":{"line":12,"column":58}},"type":"default-arg","locations":[{"start":{"line":12,"column":52},"end":{"line":12,"column":58}}],"line":12},"1":{"loc":{"start":{"line":43,"column":4},"end":{"line":45,"column":5}},"type":"if","locations":[{"start":{"line":43,"column":4},"end":{"line":45,"column":5}},{"start":{},"end":{}}],"line":43},"2":{"loc":{"start":{"line":46,"column":79},"end":{"line":46,"column":114}},"type":"binary-expr","locations":[{"start":{"line":46,"column":79},"end":{"line":46,"column":101}},{"start":{"line":46,"column":105},"end":{"line":46,"column":114}}],"line":46}},"s":{"0":2,"1":2,"2":2,"3":2,"4":2,"5":4,"6":4,"7":4,"8":3,"9":3,"10":3,"11":3,"12":3,"13":3,"14":3,"15":1,"16":1,"17":3,"18":1,"19":1,"20":1,"21":1,"22":3,"23":3,"24":1,"25":3,"26":2},"f":{"0":4,"1":3,"2":1,"3":1},"b":{"0":[3],"1":[1,2],"2":[3,2]},"_coverageSchema":"1a1c01bbd47fc00a2c39e90264f33305004495a9","hash":"c4958b6a1e6923d9f768aaa731f8313eb420f09b"}
}
