TN:
SF:controllers\authController.js
FN:9,(anonymous_0)
FN:15,(anonymous_1)
FN:20,(anonymous_2)
FN:25,(anonymous_3)
FNF:4
FNH:4
FNDA:2,(anonymous_0)
FNDA:1,(anonymous_1)
FNDA:1,(anonymous_2)
FNDA:4,(anonymous_3)
DA:1,1
DA:2,1
DA:3,1
DA:6,1
DA:7,1
DA:9,1
DA:10,2
DA:15,1
DA:17,1
DA:20,1
DA:22,1
DA:25,1
DA:26,4
DA:27,4
DA:30,4
DA:35,3
DA:36,3
DA:39,3
DA:41,3
DA:43,2
DA:51,3
DA:52,2
DA:59,1
DA:62,1
DA:63,1
DA:67,1
LF:26
LH:26
BRDA:6,0,0,1
BRDA:6,0,1,1
BRDA:10,1,0,2
BRDA:10,1,1,2
BRDA:41,2,0,2
BRDA:41,2,1,1
BRDA:51,3,0,2
BRDA:51,3,1,1
BRF:8
BRH:8
end_of_record
TN:
SF:controllers\materialController.js
FN:11,(anonymous_0)
FN:30,(anonymous_1)
FN:56,(anonymous_2)
FNF:3
FNH:3
FNDA:3,(anonymous_0)
FNDA:3,(anonymous_1)
FNDA:4,(anonymous_2)
DA:1,1
DA:2,1
DA:3,1
DA:4,1
DA:5,1
DA:6,1
DA:11,1
DA:12,3
DA:13,3
DA:22,3
DA:23,2
DA:25,1
DA:26,1
DA:30,1
DA:31,3
DA:32,3
DA:34,3
DA:35,1
DA:38,2
DA:48,2
DA:49,1
DA:51,1
DA:52,1
DA:56,1
DA:57,4
DA:58,4
DA:60,4
DA:61,1
DA:64,3
DA:65,3
DA:68,3
DA:69,1
DA:71,2
DA:73,2
DA:76,3
DA:77,3
DA:78,2
DA:80,2
DA:82,2
DA:83,2
DA:86,2
DA:87,1
DA:88,1
DA:91,2
DA:97,1
DA:98,1
DA:102,1
LF:47
LH:47
BRDA:13,0,0,1
BRDA:13,0,1,2
BRDA:34,1,0,1
BRDA:34,1,1,2
BRDA:34,2,0,3
BRDA:34,2,1,2
BRDA:60,3,0,1
BRDA:60,3,1,3
BRDA:68,4,0,1
BRDA:68,4,1,2
BRDA:71,5,0,2
BRDA:71,5,1,0
BRDA:78,6,0,2
BRDA:78,6,1,0
BRDA:86,7,0,1
BRDA:86,7,1,1
BRDA:86,8,0,2
BRDA:86,8,1,1
BRF:18
BRH:16
end_of_record
TN:
SF:controllers\testController.js
FN:8,(anonymous_0)
FN:43,(anonymous_1)
FN:64,(anonymous_2)
FN:80,(anonymous_3)
FNF:4
FNH:4
FNDA:4,(anonymous_0)
FNDA:3,(anonymous_1)
FNDA:2,(anonymous_2)
FNDA:2,(anonymous_3)
DA:1,1
DA:3,1
DA:8,1
DA:9,4
DA:10,4
DA:12,4
DA:13,1
DA:17,3
DA:18,3
DA:19,1
DA:26,2
DA:32,2
DA:33,1
DA:35,1
DA:36,1
DA:43,1
DA:44,3
DA:45,3
DA:48,3
DA:50,2
DA:51,1
DA:54,1
DA:56,1
DA:57,1
DA:64,1
DA:65,2
DA:66,2
DA:70,1
DA:72,1
DA:73,1
DA:80,1
DA:81,2
DA:82,2
DA:83,1
DA:85,1
DA:86,1
DA:90,1
LF:37
LH:37
BRDA:12,0,0,1
BRDA:12,0,1,3
BRDA:12,1,0,4
BRDA:12,1,1,4
BRDA:18,2,0,1
BRDA:18,2,1,2
BRDA:50,3,0,1
BRDA:50,3,1,1
BRF:8
BRH:8
end_of_record
TN:
SF:middleware\authMiddleware.js
FN:4,(anonymous_0)
FNF:1
FNH:1
FNDA:5,(anonymous_0)
DA:1,1
DA:2,1
DA:4,1
DA:5,5
DA:7,5
DA:8,2
DA:11,3
DA:12,3
DA:13,3
DA:14,2
DA:16,2
DA:17,1
DA:20,1
DA:22,1
DA:23,1
DA:27,1
LF:16
LH:16
BRDA:7,0,0,2
BRDA:7,0,1,3
BRDA:7,1,0,5
BRDA:7,1,1,4
BRDA:13,2,0,3
BRDA:13,2,1,3
BRDA:16,3,0,1
BRDA:16,3,1,1
BRF:8
BRH:8
end_of_record
TN:
SF:models\Material.js
FNF:0
FNH:0
DA:1,1
DA:3,1
DA:13,1
LF:3
LH:3
BRF:0
BRH:0
end_of_record
TN:
SF:models\MockTest.js
FNF:0
FNH:0
DA:1,1
DA:3,1
DA:23,1
LF:3
LH:3
BRF:0
BRH:0
end_of_record
TN:
SF:models\User.js
FNF:0
FNH:0
DA:1,2
DA:3,2
DA:27,2
DA:28,2
LF:4
LH:4
BRF:0
BRH:0
end_of_record
TN:
SF:services\aiService.js
FN:7,(anonymous_0)
FN:43,(anonymous_1)
FN:49,(anonymous_2)
FN:62,(anonymous_3)
FN:99,(anonymous_4)
FN:131,(anonymous_5)
FNF:6
FNH:6
FNDA:4,(anonymous_0)
FNDA:4,(anonymous_1)
FNDA:1,(anonymous_2)
FNDA:4,(anonymous_3)
FNDA:2,(anonymous_4)
FNDA:5,(anonymous_5)
DA:1,2
DA:2,2
DA:3,2
DA:5,2
DA:7,4
DA:43,2
DA:44,4
DA:45,4
DA:46,4
DA:47,4
DA:48,3
DA:49,3
DA:50,3
DA:52,0
DA:55,1
DA:56,1
DA:57,0
DA:62,2
DA:63,4
DA:73,4
DA:75,4
DA:76,16
DA:77,16
DA:78,16
DA:79,16
DA:80,2
DA:81,2
DA:83,2
DA:84,1
DA:87,2
DA:88,2
DA:91,14
DA:92,14
DA:93,14
DA:96,2
DA:99,2
DA:100,2
DA:101,2
DA:102,2
DA:104,2
DA:105,4
DA:106,4
DA:108,4
DA:112,1
DA:113,1
DA:114,1
DA:115,0
DA:117,1
DA:118,1
DA:121,3
DA:122,3
DA:123,0
DA:125,3
DA:128,1
DA:131,2
DA:132,5
DA:133,5
DA:134,1
DA:135,1
DA:138,4
DA:139,4
DA:140,4
DA:142,4
DA:144,4
DA:146,4
DA:148,4
DA:149,4
DA:151,2
DA:152,2
DA:153,2
DA:155,1
DA:160,2
LF:72
LH:68
BRDA:48,0,0,3
BRDA:48,0,1,0
BRDA:48,1,0,3
BRDA:48,1,1,3
BRDA:55,2,0,1
BRDA:55,2,1,1
BRDA:56,3,0,0
BRDA:56,3,1,1
BRDA:56,4,0,1
BRDA:56,4,1,0
BRDA:83,5,0,1
BRDA:83,5,1,1
BRDA:112,6,0,1
BRDA:112,6,1,0
BRDA:112,7,0,1
BRDA:112,7,1,1
BRDA:114,8,0,0
BRDA:114,8,1,1
BRDA:121,9,0,3
BRDA:121,9,1,3
BRDA:122,10,0,0
BRDA:122,10,1,3
BRDA:122,11,0,3
BRDA:122,11,1,0
BRDA:133,12,0,1
BRDA:133,12,1,4
BRF:26
BRH:19
end_of_record
TN:
SF:services\pdfService.js
FN:4,(anonymous_0)
FN:14,(anonymous_1)
FNF:2
FNH:2
FNDA:3,(anonymous_0)
FNDA:6,(anonymous_1)
DA:1,2
DA:2,2
DA:4,2
DA:5,3
DA:6,3
DA:7,3
DA:10,2
DA:13,1
DA:14,1
DA:15,6
DA:16,6
DA:17,6
DA:18,5
DA:19,3
DA:22,1
DA:23,1
DA:24,1
DA:26,2
DA:27,2
DA:31,2
LF:20
LH:20
BRDA:16,0,0,0
BRDA:16,0,1,6
BRDA:17,1,0,1
BRDA:17,1,1,5
BRDA:18,2,0,2
BRDA:18,2,1,3
BRF:6
BRH:5
end_of_record
TN:
SF:utils\downloadUtils.js
FN:12,(anonymous_0)
FN:27,(anonymous_1)
FN:29,(anonymous_2)
FN:33,(anonymous_3)
FNF:4
FNH:4
FNDA:4,(anonymous_0)
FNDA:3,(anonymous_1)
FNDA:1,(anonymous_2)
FNDA:1,(anonymous_3)
DA:1,2
DA:2,2
DA:3,2
DA:4,2
DA:12,2
DA:13,4
DA:14,4
DA:15,4
DA:22,3
DA:23,3
DA:24,3
DA:25,3
DA:27,3
DA:28,3
DA:29,3
DA:30,1
DA:31,1
DA:33,3
DA:34,1
DA:35,1
DA:39,1
DA:40,1
DA:42,3
DA:43,3
DA:44,1
DA:46,3
DA:50,2
LF:27
LH:27
BRDA:12,0,0,3
BRDA:43,1,0,1
BRDA:43,1,1,2
BRDA:46,2,0,3
BRDA:46,2,1,2
BRF:5
BRH:5
end_of_record
